# JRE version: OpenJDK Runtime Environment Microsoft-8035246 (17.0.8+7) (build 17.0.8+7-LTS)
# Java VM: OpenJDK 64-Bit Server VM Microsoft-8035246 (17.0.8+7-LTS, mixed mode, sharing, tiered, compressed oops, compressed class ptrs, g1 gc, windows-amd64)
GC Precious Log:
 CPUs: 12 total, 12 available
 Memory: 15557M
 Large Page Support: Disabled
 NUMA Support: Disabled
 Compressed Oops: Enabled (32-bit)
 Heap Region Size: 1M
 Heap Min Capacity: 8M
 Heap Initial Capacity: 244M
 Heap Max Capacity: 2G
 Pre-touch: Disabled
 Parallel Workers: 10
 Concurrent Workers: 3
 Concurrent Refinement Workers: 10
 Periodic GC: Disabled
Heap:
 garbage-first heap   total 261120K, used 212894K [0x0000000080000000, 0x0000000100000000)
  region size 1024K, 58 young (59392K), 6 survivors (6144K)
 Metaspace       used 110946K, committed 111936K, reserved 557056K
  class space    used 15405K, committed 15872K, reserved 425984K
GC Heap History (20 events):
Event: 17.174 GC heap before
{Heap before GC invocations=49 (full 0):
 garbage-first heap   total 168960K, used 141439K [0x0000000080000000, 0x0000000100000000)
  region size 1024K, 43 young (44032K), 5 survivors (5120K)
 Metaspace       used 99559K, committed 100352K, reserved 557056K
  class space    used 13806K, committed 14144K, reserved 425984K
}
Event: 17.178 GC heap after
{Heap after GC invocations=50 (full 0):
 garbage-first heap   total 168960K, used 107133K [0x0000000080000000, 0x0000000100000000)
  region size 1024K, 6 young (6144K), 6 survivors (6144K)
 Metaspace       used 99559K, committed 100352K, reserved 557056K
  class space    used 13806K, committed 14144K, reserved 425984K
}
Event: 17.478 GC heap before
{Heap before GC invocations=50 (full 0):
 garbage-first heap   total 168960K, used 146045K [0x0000000080000000, 0x0000000100000000)
  region size 1024K, 40 young (40960K), 6 survivors (6144K)
 Metaspace       used 100275K, committed 101120K, reserved 557056K
  class space    used 13902K, committed 14272K, reserved 425984K
}
Event: 17.482 GC heap after
{Heap after GC invocations=51 (full 0):
 garbage-first heap   total 168960K, used 119404K [0x0000000080000000, 0x0000000100000000)
  region size 1024K, 5 young (5120K), 5 survivors (5120K)
 Metaspace       used 100275K, committed 101120K, reserved 557056K
  class space    used 13902K, committed 14272K, reserved 425984K
}
Event: 17.740 GC heap before
{Heap before GC invocations=51 (full 0):
 garbage-first heap   total 168960K, used 139884K [0x0000000080000000, 0x0000000100000000)
  region size 1024K, 25 young (25600K), 5 survivors (5120K)
 Metaspace       used 101209K, committed 102016K, reserved 557056K
  class space    used 14055K, committed 14400K, reserved 425984K
}
Event: 17.742 GC heap after
{Heap after GC invocations=52 (full 0):
 garbage-first heap   total 168960K, used 123253K [0x0000000080000000, 0x0000000100000000)
  region size 1024K, 3 young (3072K), 3 survivors (3072K)
 Metaspace       used 101209K, committed 102016K, reserved 557056K
  class space    used 14055K, committed 14400K, reserved 425984K
}
Event: 17.923 GC heap before
{Heap before GC invocations=53 (full 0):
 garbage-first heap   total 217088K, used 141685K [0x0000000080000000, 0x0000000100000000)
  region size 1024K, 21 young (21504K), 3 survivors (3072K)
 Metaspace       used 101386K, committed 102208K, reserved 557056K
  class space    used 14075K, committed 14464K, reserved 425984K
}
Event: 17.926 GC heap after
{Heap after GC invocations=54 (full 0):
 garbage-first heap   total 217088K, used 129893K [0x0000000080000000, 0x0000000100000000)
  region size 1024K, 3 young (3072K), 3 survivors (3072K)
 Metaspace       used 101386K, committed 102208K, reserved 557056K
  class space    used 14075K, committed 14464K, reserved 425984K
}
Event: 18.001 GC heap before
{Heap before GC invocations=54 (full 0):
 garbage-first heap   total 217088K, used 137061K [0x0000000080000000, 0x0000000100000000)
  region size 1024K, 10 young (10240K), 3 survivors (3072K)
 Metaspace       used 101466K, committed 102336K, reserved 557056K
  class space    used 14086K, committed 14464K, reserved 425984K
}
Event: 18.003 GC heap after
{Heap after GC invocations=55 (full 0):
 garbage-first heap   total 217088K, used 131180K [0x0000000080000000, 0x0000000100000000)
  region size 1024K, 2 young (2048K), 2 survivors (2048K)
 Metaspace       used 101466K, committed 102336K, reserved 557056K
  class space    used 14086K, committed 14464K, reserved 425984K
}
Event: 18.425 GC heap before
{Heap before GC invocations=55 (full 0):
 garbage-first heap   total 217088K, used 174188K [0x0000000080000000, 0x0000000100000000)
  region size 1024K, 43 young (44032K), 2 survivors (2048K)
 Metaspace       used 102153K, committed 103040K, reserved 557056K
  class space    used 14167K, committed 14528K, reserved 425984K
}
Event: 18.429 GC heap after
{Heap after GC invocations=56 (full 0):
 garbage-first heap   total 261120K, used 140756K [0x0000000080000000, 0x0000000100000000)
  region size 1024K, 6 young (6144K), 6 survivors (6144K)
 Metaspace       used 102153K, committed 103040K, reserved 557056K
  class space    used 14167K, committed 14528K, reserved 425984K
}
Event: 18.992 GC heap before
{Heap before GC invocations=56 (full 0):
 garbage-first heap   total 261120K, used 204244K [0x0000000080000000, 0x0000000100000000)
  region size 1024K, 68 young (69632K), 6 survivors (6144K)
 Metaspace       used 107490K, committed 108416K, reserved 557056K
  class space    used 14914K, committed 15360K, reserved 425984K
}
Event: 18.995 GC heap after
{Heap after GC invocations=57 (full 0):
 garbage-first heap   total 261120K, used 144958K [0x0000000080000000, 0x0000000100000000)
  region size 1024K, 9 young (9216K), 9 survivors (9216K)
 Metaspace       used 107490K, committed 108416K, reserved 557056K
  class space    used 14914K, committed 15360K, reserved 425984K
}
Event: 19.411 GC heap before
{Heap before GC invocations=57 (full 0):
 garbage-first heap   total 261120K, used 207422K [0x0000000080000000, 0x0000000100000000)
  region size 1024K, 70 young (71680K), 9 survivors (9216K)
 Metaspace       used 109163K, committed 110080K, reserved 557056K
  class space    used 15115K, committed 15552K, reserved 425984K
}
Event: 19.417 GC heap after
{Heap after GC invocations=58 (full 0):
 garbage-first heap   total 261120K, used 150634K [0x0000000080000000, 0x0000000100000000)
  region size 1024K, 9 young (9216K), 9 survivors (9216K)
 Metaspace       used 109163K, committed 110080K, reserved 557056K
  class space    used 15115K, committed 15552K, reserved 425984K
}
Event: 19.719 GC heap before
{Heap before GC invocations=58 (full 0):
 garbage-first heap   total 261120K, used 210026K [0x0000000080000000, 0x0000000100000000)
  region size 1024K, 68 young (69632K), 9 survivors (9216K)
 Metaspace       used 110470K, committed 111424K, reserved 557056K
  class space    used 15362K, committed 15808K, reserved 425984K
}
Event: 19.724 GC heap after
{Heap after GC invocations=59 (full 0):
 garbage-first heap   total 261120K, used 156393K [0x0000000080000000, 0x0000000100000000)
  region size 1024K, 6 young (6144K), 6 survivors (6144K)
 Metaspace       used 110470K, committed 111424K, reserved 557056K
  class space    used 15362K, committed 15808K, reserved 425984K
}
Event: 20.028 GC heap before
{Heap before GC invocations=59 (full 0):
 garbage-first heap   total 261120K, used 212713K [0x0000000080000000, 0x0000000100000000)
  region size 1024K, 62 young (63488K), 6 survivors (6144K)
 Metaspace       used 110906K, committed 111872K, reserved 557056K
  class space    used 15405K, committed 15872K, reserved 425984K
}
Event: 20.033 GC heap after
{Heap after GC invocations=60 (full 0):
 garbage-first heap   total 261120K, used 161694K [0x0000000080000000, 0x0000000100000000)
  region size 1024K, 6 young (6144K), 6 survivors (6144K)
 Metaspace       used 110906K, committed 111872K, reserved 557056K
  class space    used 15405K, committed 15872K, reserved 425984K
}

